Configuring digestive-functors-0.8.0.0...
Building digestive-functors-0.8.0.0...
Preprocessing library digestive-functors-0.8.0.0...
[ 1 of 10] Compiling Text.Digestive.Util ( src/Text/Digestive/Util.hs, .stack-work/dist/x86_64-linux/Cabal-1.22.4.0/build/Text/Digestive/Util.o )
[ 2 of 10] Compiling Text.Digestive.Form.List ( src/Text/Digestive/Form/List.hs, .stack-work/dist/x86_64-linux/Cabal-1.22.4.0/build/Text/Digestive/Form/List.o )

src/Text/Digestive/Form/List.hs:14:1: Warning:
    The import of ‘Control.Applicative’ is redundant
      except perhaps to import instances from ‘Control.Applicative’
    To import instances alone, use: import Control.Applicative()

src/Text/Digestive/Form/List.hs:19:1: Warning:
    The import of ‘Data.Traversable’ is redundant
      except perhaps to import instances from ‘Data.Traversable’
    To import instances alone, use: import Data.Traversable()
[ 3 of 10] Compiling Text.Digestive.Types ( src/Text/Digestive/Types.hs, .stack-work/dist/x86_64-linux/Cabal-1.22.4.0/build/Text/Digestive/Types.o )

src/Text/Digestive/Types.hs:19:1: Warning:
    The import of ‘Control.Applicative’ is redundant
      except perhaps to import instances from ‘Control.Applicative’
    To import instances alone, use: import Control.Applicative()

src/Text/Digestive/Types.hs:20:1: Warning:
    The import of ‘Data.Monoid’ is redundant
      except perhaps to import instances from ‘Data.Monoid’
    To import instances alone, use: import Data.Monoid()
[ 4 of 10] Compiling Text.Digestive.Form.Internal.Field ( src/Text/Digestive/Form/Internal/Field.hs, .stack-work/dist/x86_64-linux/Cabal-1.22.4.0/build/Text/Digestive/Form/Internal/Field.o )
[ 5 of 10] Compiling Text.Digestive.Form.Internal ( src/Text/Digestive/Form/Internal.hs, .stack-work/dist/x86_64-linux/Cabal-1.22.4.0/build/Text/Digestive/Form/Internal.o )

src/Text/Digestive/Form/Internal.hs:36:1: Warning:
    The import of ‘Control.Applicative’ is redundant
      except perhaps to import instances from ‘Control.Applicative’
    To import instances alone, use: import Control.Applicative()

src/Text/Digestive/Form/Internal.hs:39:1: Warning:
    The import of ‘Data.Monoid’ is redundant
      except perhaps to import instances from ‘Data.Monoid’
    To import instances alone, use: import Data.Monoid()

src/Text/Digestive/Form/Internal.hs:40:1: Warning:
    The import of ‘sequenceA’
    from module ‘Data.Traversable’ is redundant
[ 6 of 10] Compiling Text.Digestive.Ref ( src/Text/Digestive/Ref.hs, .stack-work/dist/x86_64-linux/Cabal-1.22.4.0/build/Text/Digestive/Ref.o )
[ 7 of 10] Compiling Text.Digestive.Form.Encoding ( src/Text/Digestive/Form/Encoding.hs, .stack-work/dist/x86_64-linux/Cabal-1.22.4.0/build/Text/Digestive/Form/Encoding.o )

src/Text/Digestive/Form/Encoding.hs:15:1: Warning:
    The import of ‘Data.Monoid’ is redundant
      except perhaps to import instances from ‘Data.Monoid’
    To import instances alone, use: import Data.Monoid()
[ 8 of 10] Compiling Text.Digestive.View ( src/Text/Digestive/View.hs, .stack-work/dist/x86_64-linux/Cabal-1.22.4.0/build/Text/Digestive/View.o )

src/Text/Digestive/View.hs:60:1: Warning:
    The import of ‘Data.Monoid’ is redundant
      except perhaps to import instances from ‘Data.Monoid’
    To import instances alone, use: import Data.Monoid()
[ 9 of 10] Compiling Text.Digestive.Form ( src/Text/Digestive/Form.hs, .stack-work/dist/x86_64-linux/Cabal-1.22.4.0/build/Text/Digestive/Form.o )

src/Text/Digestive/Form.hs:64:1: Warning:
    The import of ‘Control.Applicative’ is redundant
      except perhaps to import instances from ‘Control.Applicative’
    To import instances alone, use: import Control.Applicative()

src/Text/Digestive/Form.hs:68:1: Warning:
    The import of ‘Data.Monoid’ is redundant
      except perhaps to import instances from ‘Data.Monoid’
    To import instances alone, use: import Data.Monoid()
[10 of 10] Compiling Text.Digestive   ( src/Text/Digestive.hs, .stack-work/dist/x86_64-linux/Cabal-1.22.4.0/build/Text/Digestive.o )
In-place registering digestive-functors-0.8.0.0...
Installing library in
/home/julien/.stack/snapshots/x86_64-linux/lts-3.0/7.10.2/lib/x86_64-linux-ghc-7.10.2/digestive-functors-0.8.0.0-4fM933LOkmWI9ExzL0lC1m
Registering digestive-functors-0.8.0.0...
