Configuring monad-logger-0.3.13.2...
Building monad-logger-0.3.13.2...
Preprocessing library monad-logger-0.3.13.2...
[1 of 1] Compiling Control.Monad.Logger ( Control/Monad/Logger.hs, .stack-work/dist/x86_64-linux/Cabal-1.22.4.0/build/Control/Monad/Logger.o )

Control/Monad/Logger.hs:105:1: Warning:
    Module ‘Control.Monad.Trans.Error’ is deprecated:
      Use Control.Monad.Trans.Except instead

Control/Monad/Logger.hs:205:26: Warning:
    In the use of type constructor or class ‘Error’
    (imported from Control.Monad.Trans.Error):
    Deprecated: "Use Control.Monad.Trans.Except instead"

Control/Monad/Logger.hs:205:51: Warning:
    In the use of type constructor or class ‘ErrorT’
    (imported from Control.Monad.Trans.Error):
    Deprecated: "Use Control.Monad.Trans.Except instead"

Control/Monad/Logger.hs:223:28: Warning:
    In the use of type constructor or class ‘Error’
    (imported from Control.Monad.Trans.Error):
    Deprecated: "Use Control.Monad.Trans.Except instead"

Control/Monad/Logger.hs:223:55: Warning:
    In the use of type constructor or class ‘ErrorT’
    (imported from Control.Monad.Trans.Error):
    Deprecated: "Use Control.Monad.Trans.Except instead"
In-place registering monad-logger-0.3.13.2...
Installing library in
/home/julien/.stack/snapshots/x86_64-linux/lts-3.0/7.10.2/lib/x86_64-linux-ghc-7.10.2/monad-logger-0.3.13.2-8qVm7c4f9QaCOqR295rhbU
Registering monad-logger-0.3.13.2...
