Configuring reroute-0.3.1.0...
Building reroute-0.3.1.0...
Preprocessing library reroute-0.3.1.0...
[1 of 4] Compiling Web.Routing.AbstractRouter ( src/Web/Routing/AbstractRouter.hs, .stack-work/dist/x86_64-linux/Cabal-1.22.4.0/build/Web/Routing/AbstractRouter.o )

src/Web/Routing/AbstractRouter.hs:8:1: Warning:
    The import of ‘Control.Applicative’ is redundant
      except perhaps to import instances from ‘Control.Applicative’
    To import instances alone, use: import Control.Applicative()
[2 of 4] Compiling Web.Routing.TextRouting ( src/Web/Routing/TextRouting.hs, .stack-work/dist/x86_64-linux/Cabal-1.22.4.0/build/Web/Routing/TextRouting.o )
[3 of 4] Compiling Data.PolyMap     ( src/Data/PolyMap.hs, .stack-work/dist/x86_64-linux/Cabal-1.22.4.0/build/Data/PolyMap.o )

src/Data/PolyMap.hs:17:1: Warning:
    The import of ‘Applicative’
    from module ‘Control.Applicative’ is redundant

src/Data/PolyMap.hs:18:1: Warning:
    The import of ‘Data.Monoid’ is redundant
      except perhaps to import instances from ‘Data.Monoid’
    To import instances alone, use: import Data.Monoid()
[4 of 4] Compiling Web.Routing.SafeRouting ( src/Web/Routing/SafeRouting.hs, .stack-work/dist/x86_64-linux/Cabal-1.22.4.0/build/Web/Routing/SafeRouting.o )

src/Web/Routing/SafeRouting.hs:17:1: Warning:
    The import of ‘Data.Monoid’ is redundant
      except perhaps to import instances from ‘Data.Monoid’
    To import instances alone, use: import Data.Monoid()

src/Web/Routing/SafeRouting.hs:18:1: Warning:
    The import of ‘Applicative’
    from module ‘Control.Applicative’ is redundant
In-place registering reroute-0.3.1.0...
Installing library in
/var/www/julienchurch.com/.stack-work/install/x86_64-linux/lts-3.0/7.10.2/lib/x86_64-linux-ghc-7.10.2/reroute-0.3.1.0-098So9EX3EyHHnYM0S48vX
Registering reroute-0.3.1.0...
