Configuring shakespeare-2.0.5...
Building shakespeare-2.0.5...
Preprocessing library shakespeare-2.0.5...
[ 1 of 17] Compiling Text.MkSizeType  ( Text/MkSizeType.hs, .stack-work/dist/x86_64-linux/Cabal-1.22.4.0/build/Text/MkSizeType.o )
[ 2 of 17] Compiling Text.IndentToBrace ( Text/IndentToBrace.hs, .stack-work/dist/x86_64-linux/Cabal-1.22.4.0/build/Text/IndentToBrace.o )
[ 3 of 17] Compiling Text.Shakespeare.Base ( Text/Shakespeare/Base.hs, .stack-work/dist/x86_64-linux/Cabal-1.22.4.0/build/Text/Shakespeare/Base.o )
[ 4 of 17] Compiling Text.Hamlet.Parse ( Text/Hamlet/Parse.hs, .stack-work/dist/x86_64-linux/Cabal-1.22.4.0/build/Text/Hamlet/Parse.o )

Text/Hamlet/Parse.hs:24:1: Warning:
    The import of ‘Control.Applicative’ is redundant
      except perhaps to import instances from ‘Control.Applicative’
    To import instances alone, use: import Control.Applicative()
[ 5 of 17] Compiling Text.Hamlet      ( Text/Hamlet.hs, .stack-work/dist/x86_64-linux/Cabal-1.22.4.0/build/Text/Hamlet.o )

Text/Hamlet.hs:68:1: Warning:
    The import of ‘Data.Monoid’ is redundant
      except perhaps to import instances from ‘Data.Monoid’
    To import instances alone, use: import Data.Monoid()

Text/Hamlet.hs:402:1: Warning: Defined but not used: ‘varName’

Text/Hamlet.hs:406:1: Warning: Defined but not used: ‘strToExp’

Text/Hamlet.hs:439:16: Warning: Defined but not used: ‘html’

Text/Hamlet.hs:440:14: Warning: Defined but not used: ‘url’

Text/Hamlet.hs:441:19: Warning: Defined but not used: ‘url’

Text/Hamlet.hs:442:16: Warning: Defined but not used: ‘url’

Text/Hamlet.hs:443:20: Warning: Defined but not used: ‘msg_url’

Text/Hamlet.hs:444:14: Warning: Defined but not used: ‘msg’

Text/Hamlet.hs:488:43: Warning:
    This binding for ‘c’ shadows the existing binding
      bound at Text/Hamlet.hs:484:13
[ 6 of 17] Compiling Text.Hamlet.RT   ( Text/Hamlet/RT.hs, .stack-work/dist/x86_64-linux/Cabal-1.22.4.0/build/Text/Hamlet/RT.o )

Text/Hamlet/RT.hs:19:1: Warning:
    The import of ‘Data.Monoid’ is redundant
      except perhaps to import instances from ‘Data.Monoid’
    To import instances alone, use: import Data.Monoid()

Text/Hamlet/RT.hs:78:13: Warning: Defined but not used: ‘x’

Text/Hamlet/RT.hs:78:26: Warning: Defined but not used: ‘deref’

Text/Hamlet/RT.hs:78:45: Warning: Defined but not used: ‘docs’

Text/Hamlet/RT.hs:85:13: Warning: Defined but not used: ‘x’

Text/Hamlet/RT.hs:85:25: Warning: Defined but not used: ‘deref’

Text/Hamlet/RT.hs:85:44: Warning: Defined but not used: ‘jdocs’

Text/Hamlet/RT.hs:85:50: Warning: Defined but not used: ‘ndocs’

Text/Hamlet/RT.hs:115:37: Warning:
    This binding for ‘x’ shadows the existing binding
      bound at Text/Hamlet/RT.hs:108:13
[ 7 of 17] Compiling Text.Shakespeare ( Text/Shakespeare.hs, .stack-work/dist/x86_64-linux/Cabal-1.22.4.0/build/Text/Shakespeare.o )
[ 8 of 17] Compiling Text.Shakespeare.Text ( Text/Shakespeare/Text.hs, .stack-work/dist/x86_64-linux/Cabal-1.22.4.0/build/Text/Shakespeare/Text.o )
[ 9 of 17] Compiling Text.Julius      ( Text/Julius.hs, .stack-work/dist/x86_64-linux/Cabal-1.22.4.0/build/Text/Julius.o )

Text/Julius.hs:49:1: Warning:
    The import of ‘Data.Monoid’ is redundant
      except perhaps to import instances from ‘Data.Monoid’
    To import instances alone, use: import Data.Monoid()

Text/Julius.hs:90:63: Warning:
    In the use of ‘fromValue’ (imported from Data.Aeson.Encode):
    Deprecated: "Use 'encodeToTextBuilder' instead"
[10 of 17] Compiling Text.Roy         ( Text/Roy.hs, .stack-work/dist/x86_64-linux/Cabal-1.22.4.0/build/Text/Roy.o )
[11 of 17] Compiling Text.Coffee      ( Text/Coffee.hs, .stack-work/dist/x86_64-linux/Cabal-1.22.4.0/build/Text/Coffee.o )
[12 of 17] Compiling Text.Css         ( Text/Css.hs, .stack-work/dist/x86_64-linux/Cabal-1.22.4.0/build/Text/Css.o )

Text/Css.hs:15:1: Warning:
    The import of ‘Data.Monoid’ is redundant
      except perhaps to import instances from ‘Data.Monoid’
    To import instances alone, use: import Data.Monoid()

Text/Css.hs:23:1: Warning:
    The import of ‘Control.Applicative’ is redundant
      except perhaps to import instances from ‘Control.Applicative’
    To import instances alone, use: import Control.Applicative()

Text/Css.hs:349:40: Warning: Defined but not used: ‘subblocks’

Text/Css.hs:367:5: Warning: Defined but not used: ‘subGo’
[13 of 17] Compiling Text.CssCommon   ( Text/CssCommon.hs, .stack-work/dist/x86_64-linux/Cabal-1.22.4.0/build/Text/CssCommon.o )
[14 of 17] Compiling Text.Lucius      ( Text/Lucius.hs, .stack-work/dist/x86_64-linux/Cabal-1.22.4.0/build/Text/Lucius.o )

Text/Lucius.hs:64:1: Warning:
    The import of ‘Control.Applicative’ is redundant
      except perhaps to import instances from ‘Control.Applicative’
    To import instances alone, use: import Control.Applicative()

Text/Lucius.hs:66:1: Warning:
    The import of ‘Data.Monoid’ is redundant
      except perhaps to import instances from ‘Data.Monoid’
    To import instances alone, use: import Data.Monoid()
[15 of 17] Compiling Text.Cassius     ( Text/Cassius.hs, .stack-work/dist/x86_64-linux/Cabal-1.22.4.0/build/Text/Cassius.o )
[16 of 17] Compiling Text.TypeScript  ( Text/TypeScript.hs, .stack-work/dist/x86_64-linux/Cabal-1.22.4.0/build/Text/TypeScript.o )
[17 of 17] Compiling Text.Shakespeare.I18N ( Text/Shakespeare/I18N.hs, .stack-work/dist/x86_64-linux/Cabal-1.22.4.0/build/Text/Shakespeare/I18N.o )

Text/Shakespeare/I18N.hs:65:1: Warning:
    The import of ‘Control.Applicative’ is redundant
      except perhaps to import instances from ‘Control.Applicative’
    To import instances alone, use: import Control.Applicative()

Text/Shakespeare/I18N.hs:79:1: Warning:
    The import of ‘Data.Monoid’ is redundant
      except perhaps to import instances from ‘Data.Monoid’
    To import instances alone, use: import Data.Monoid()
In-place registering shakespeare-2.0.5...
Installing library in
/home/julien/.stack/snapshots/x86_64-linux/lts-3.0/7.10.2/lib/x86_64-linux-ghc-7.10.2/shakespeare-2.0.5-5HmnLEAepxoCPJJZTWr7FN
Registering shakespeare-2.0.5...
